[1227/110748.584:ERROR:process_memory_win.cc(73)] ReadMemory at 0x7ff6b81f0000 of 64 bytes failed: Only part of a ReadProcessMemory or WriteProcessMemory request was completed. (0x12B)
[1227/110748.994:WARNING:pe_image_reader.cc(340)] could not read dos header from C:\Program Files (x86)\Google\Chrome\Application\chrome.exe
[1227/110748.995:ERROR:process_memory_win.cc(73)] ReadMemory at 0x7ffe5ef40000 of 64 bytes failed: Only part of a ReadProcessMemory or WriteProcessMemory request was completed. (0x12B)
[1227/110748.995:WARNING:pe_image_reader.cc(340)] could not read dos header from C:\Windows\SYSTEM32\ntdll.dll
[1227/110748.995:ERROR:process_memory_win.cc(73)] ReadMemory at 0x7ffe5e8b0000 of 64 bytes failed: Only part of a ReadProcessMemory or WriteProcessMemory request was completed. (0x12B)
[1227/110750.806:WARNING:pe_image_reader.cc(340)] could not read dos header from C:\Windows\System32\KERNEL32.DLL
[1227/110751.217:ERROR:process_memory_win.cc(73)] ReadMemory at 0x7ffe5c020000 of 64 bytes failed: Only part of a ReadProcessMemory or WriteProcessMemory request was completed. (0x12B)
[1227/110751.838:WARNING:pe_image_reader.cc(340)] could not read dos header from C:\Windows\System32\KERNELBASE.dll
[1227/110752.239:ERROR:process_memory_win.cc(73)] ReadMemory at 0x7ffe13b90000 of 64 bytes failed: Only part of a ReadProcessMemory or WriteProcessMemory request was completed. (0x12B)
[1227/110752.560:WARNING:pe_image_reader.cc(340)] could not read dos header from C:\Program Files (x86)\Google\Chrome\Application\79.0.3945.88\chrome_elf.dll
[1227/110753.040:ERROR:process_memory_win.cc(73)] ReadMemory at 0x7ffe52f80000 of 64 bytes failed: Only part of a ReadProcessMemory or WriteProcessMemory request was completed. (0x12B)
[1227/110753.381:WARNING:pe_image_reader.cc(340)] could not read dos header from C:\Windows\SYSTEM32\VERSION.dll
[1227/110753.686:ERROR:process_memory_win.cc(73)] ReadMemory at 0x7ffe5e810000 of 64 bytes failed: Only part of a ReadProcessMemory or WriteProcessMemory request was completed. (0x12B)
[1227/110754.023:WARNING:pe_image_reader.cc(340)] could not read dos header from C:\Windows\System32\msvcrt.dll
[1227/110754.271:ERROR:process_memory_win.cc(73)] ReadMemory at 0x7ffe5cf70000 of 64 bytes failed: Only part of a ReadProcessMemory or WriteProcessMemory request was completed. (0x12B)
[1227/110754.497:WARNING:pe_image_reader.cc(340)] could not read dos header from C:\Windows\System32\bcryptPrimitives.dll
[1227/110756.244:ERROR:process_memory_win.cc(73)] ReadMemory at 0x7ffe5e6a0000 of 64 bytes failed: Only part of a ReadProcessMemory or WriteProcessMemory request was completed. (0x12B)
[1227/110757.156:WARNING:pe_image_reader.cc(340)] could not read dos header from C:\Windows\System32\ADVAPI32.dll
[1227/110757.565:ERROR:process_memory_win.cc(73)] ReadMemory at 0x7ffe5ede0000 of 64 bytes failed: Only part of a ReadProcessMemory or WriteProcessMemory request was completed. (0x12B)
[1227/110757.824:WARNING:pe_image_reader.cc(340)] could not read dos header from C:\Windows\System32\sechost.dll
[1227/110806.945:ERROR:process_memory_win.cc(73)] ReadMemory at 0x7ffe5e580000 of 64 bytes failed: Only part of a ReadProcessMemory or WriteProcessMemory request was completed. (0x12B)
[1227/110806.945:WARNING:pe_image_reader.cc(340)] could not read dos header from C:\Windows\System32\RPCRT4.dll
[1227/110806.945:ERROR:process_memory_win.cc(73)] ReadMemory at 0x7ffe09f50000 of 64 bytes failed: Only part of a ReadProcessMemory or WriteProcessMemory request was completed. (0x12B)
[1227/110806.945:WARNING:pe_image_reader.cc(340)] could not read dos header from C:\Program Files (x86)\Google\Chrome\Application\79.0.3945.88\chrome_child.dll
[1227/110806.946:ERROR:process_memory_win.cc(73)] ReadMemory at 0x7ffe5d130000 of 64 bytes failed: Only part of a ReadProcessMemory or WriteProcessMemory request was completed. (0x12B)
[1227/110806.946:WARNING:pe_image_reader.cc(340)] could not read dos header from C:\Windows\System32\OLEAUT32.dll
[1227/110806.946:ERROR:process_memory_win.cc(73)] ReadMemory at 0x7ffe5cd80000 of 64 bytes failed: Only part of a ReadProcessMemory or WriteProcessMemory request was completed. (0x12B)
[1227/110806.946:WARNING:pe_image_reader.cc(340)] could not read dos header from C:\Windows\System32\msvcp_win.dll
[1227/110806.946:ERROR:process_memory_win.cc(73)] ReadMemory at 0x7ffe5ce20000 of 64 bytes failed: Only part of a ReadProcessMemory or WriteProcessMemory request was completed. (0x12B)
[1227/110806.946:WARNING:pe_image_reader.cc(340)] could not read dos header from C:\Windows\System32\ucrtbase.dll
[1227/110806.946:ERROR:process_memory_win.cc(73)] ReadMemory at 0x7ffe5d2d0000 of 64 bytes failed: Only part of a ReadProcessMemory or WriteProcessMemory request was completed. (0x12B)
[1227/110806.946:WARNING:pe_image_reader.cc(340)] could not read dos header from C:\Windows\System32\combase.dll
[1227/110806.946:ERROR:process_memory_win.cc(73)] ReadMemory at 0x7ffe5e490000 of 64 bytes failed: Only part of a ReadProcessMemory or WriteProcessMemory request was completed. (0x12B)
[1227/110806.946:WARNING:pe_image_reader.cc(340)] could not read dos header from C:\Windows\System32\WS2_32.dll
[1227/110806.946:ERROR:process_memory_win.cc(73)] ReadMemory at 0x7ffe5c2d0000 of 64 bytes failed: Only part of a ReadProcessMemory or WriteProcessMemory request was completed. (0x12B)
[1227/110806.946:WARNING:pe_image_reader.cc(340)] could not read dos header from C:\Windows\System32\WINTRUST.dll
[1227/110806.946:ERROR:process_memory_win.cc(73)] ReadMemory at 0x7ffe5beb0000 of 64 bytes failed: Only part of a ReadProcessMemory or WriteProcessMemory request was completed. (0x12B)
[1227/110806.946:WARNING:pe_image_reader.cc(340)] could not read dos header from C:\Windows\System32\MSASN1.dll
[1227/110806.946:ERROR:process_memory_win.cc(73)] ReadMemory at 0x7ffe5bed0000 of 64 bytes failed: Only part of a ReadProcessMemory or WriteProcessMemory request was completed. (0x12B)
[1227/110806.946:WARNING:pe_image_reader.cc(340)] could not read dos header from C:\Windows\System32\CRYPT32.dll
[1227/110806.947:ERROR:process_memory_win.cc(73)] ReadMemory at 0x7ffe5b390000 of 64 bytes failed: Only part of a ReadProcessMemory or WriteProcessMemory request was completed. (0x12B)
[1227/110806.947:WARNING:pe_image_reader.cc(340)] could not read dos header from C:\Windows\SYSTEM32\IPHLPAPI.DLL
[1227/110806.947:ERROR:process_memory_win.cc(73)] ReadMemory at 0x7ffe59300000 of 64 bytes failed: Only part of a ReadProcessMemory or WriteProcessMemory request was completed. (0x12B)
[1227/110806.947:WARNING:pe_image_reader.cc(340)] could not read dos header from C:\Windows\SYSTEM32\WINMM.dll
[1227/110806.947:ERROR:process_memory_win.cc(73)] ReadMemory at 0x7ffe5bd00000 of 64 bytes failed: Only part of a ReadProcessMemory or WriteProcessMemory request was completed. (0x12B)
[1227/110806.947:WARNING:pe_image_reader.cc(340)] could not read dos header from C:\Windows\SYSTEM32\USERENV.dll
[1227/110806.947:ERROR:process_memory_win.cc(73)] ReadMemory at 0x7ffe5be90000 of 64 bytes failed: Only part of a ReadProcessMemory or WriteProcessMemory request was completed. (0x12B)
[1227/110806.947:WARNING:pe_image_reader.cc(340)] could not read dos header from C:\Windows\System32\profapi.dll
[1227/110806.947:ERROR:process_memory_win.cc(73)] ReadMemory at 0x7ffe4d760000 of 64 bytes failed: Only part of a ReadProcessMemory or WriteProcessMemory request was completed. (0x12B)
[1227/110806.947:WARNING:pe_image_reader.cc(340)] could not read dos header from C:\Windows\SYSTEM32\DWrite.dll
[1227/110806.947:ERROR:process_memory_win.cc(73)] ReadMemory at 0x7ffe51410000 of 64 bytes failed: Only part of a ReadProcessMemory or WriteProcessMemory request was completed. (0x12B)
[1227/110806.947:WARNING:pe_image_reader.cc(340)] could not read dos header from C:\Windows\SYSTEM32\WINSPOOL.DRV
[1227/110806.947:ERROR:process_memory_win.cc(73)] ReadMemory at 0x7ffe5be20000 of 64 bytes failed: Only part of a ReadProcessMemory or WriteProcessMemory request was completed. (0x12B)
[1227/110806.947:WARNING:pe_image_reader.cc(340)] could not read dos header from C:\Windows\System32\kernel.appcore.dll
[1227/110806.947:ERROR:process_memory_win.cc(73)] ReadMemory at 0x7ffe5c430000 of 64 bytes failed: Only part of a ReadProcessMemory or WriteProcessMemory request was completed. (0x12B)
[1227/110806.947:WARNING:pe_image_reader.cc(340)] could not read dos header from C:\Windows\System32\bcrypt.dll
[1227/110806.948:ERROR:process_memory_win.cc(73)] ReadMemory at 0x7ffe52160000 of 64 bytes failed: Only part of a ReadProcessMemory or WriteProcessMemory request was completed. (0x12B)
[1227/110806.948:WARNING:pe_image_reader.cc(340)] could not read dos header from C:\Windows\SYSTEM32\dbghelp.dll
[1227/110806.948:ERROR:process_memory_win.cc(73)] ReadMemory at 0x7ffe478e0000 of 64 bytes failed: Only part of a ReadProcessMemory or WriteProcessMemory request was completed. (0x12B)
[1227/110806.948:WARNING:pe_image_reader.cc(340)] could not read dos header from C:\Windows\SYSTEM32\Secur32.dll
[1227/110806.948:ERROR:process_memory_win.cc(73)] ReadMemory at 0x7ffe54a50000 of 64 bytes failed: Only part of a ReadProcessMemory or WriteProcessMemory request was completed. (0x12B)
[1227/110806.948:WARNING:pe_image_reader.cc(340)] could not read dos header from C:\Windows\SYSTEM32\WINHTTP.dll
[1227/110806.948:ERROR:process_memory_win.cc(73)] ReadMemory at 0x7ffe514a0000 of 64 bytes failed: Only part of a ReadProcessMemory or WriteProcessMemory request was completed. (0x12B)
[1227/110806.948:WARNING:pe_image_reader.cc(340)] could not read dos header from C:\Windows\SYSTEM32\dhcpcsvc.DLL
[1227/110806.948:ERROR:process_memory_win.cc(73)] ReadMemory at 0x7ffe5e7d0000 of 64 bytes failed: Only part of a ReadProcessMemory or WriteProcessMemory request was completed. (0x12B)
[1227/110806.948:WARNING:pe_image_reader.cc(340)] could not read dos header from C:\Windows\System32\NSI.dll
[1227/110806.948:ERROR:process_memory_win.cc(73)] ReadMemory at 0x7ffe592d0000 of 64 bytes failed: Only part of a ReadProcessMemory or WriteProcessMemory request was completed. (0x12B)
[1227/110806.948:WARNING:pe_image_reader.cc(340)] could not read dos header from C:\Windows\SYSTEM32\WINMMBASE.dll
[1227/110806.948:ERROR:process_memory_win.cc(73)] ReadMemory at 0x7ffe5cf20000 of 64 bytes failed: Only part of a ReadProcessMemory or WriteProcessMemory request was completed. (0x12B)
[1227/110806.948:WARNING:pe_image_reader.cc(340)] could not read dos header from C:\Windows\System32\cfgmgr32.dll
[1227/110806.948:ERROR:process_memory_win.cc(73)] ReadMemory at 0x7ffe581c0000 of 64 bytes failed: Only part of a ReadProcessMemory or WriteProcessMemory request was completed. (0x12B)
[1227/110806.949:WARNING:pe_image_reader.cc(340)] could not read dos header from C:\Windows\SYSTEM32\PROPSYS.dll
[1227/110806.949:ERROR:process_memory_win.cc(73)] ReadMemory at 0x7ffe5d610000 of 64 bytes failed: Only part of a ReadProcessMemory or WriteProcessMemory request was completed. (0x12B)
[1227/110806.949:WARNING:pe_image_reader.cc(340)] could not read dos header from C:\Windows\System32\shcore.dll
[1227/110806.949:ERROR:process_memory_win.cc(73)] ReadMemory at 0x7ffe5bd30000 of 64 bytes failed: Only part of a ReadProcessMemory or WriteProcessMemory request was completed. (0x12B)
[1227/110806.949:WARNING:pe_image_reader.cc(340)] could not read dos header from C:\Windows\SYSTEM32\SSPICLI.DLL
[1227/110806.949:ERROR:process_memory_win.cc(73)] ReadMemory at 0x7ffe5b850000 of 64 bytes failed: Only part of a ReadProcessMemory or WriteProcessMemory request was completed. (0x12B)
[1227/110806.949:WARNING:pe_image_reader.cc(340)] could not read dos header from C:\Windows\SYSTEM32\CRYPTBASE.DLL
[1227/110806.949:ERROR:process_memory_win.cc(73)] ReadMemory at 0x7ff6b81f0000 of 64 bytes failed: Only part of a ReadProcessMemory or WriteProcessMemory request was completed. (0x12B)
[1227/110806.949:WARNING:pe_image_reader.cc(340)] could not read dos header from C:\Program Files (x86)\Google\Chrome\Application\chrome.exe
[1227/110806.949:ERROR:process_memory_win.cc(73)] ReadMemory at 0x7ffe5ef40000 of 64 bytes failed: Only part of a ReadProcessMemory or WriteProcessMemory request was completed. (0x12B)
[1227/110806.949:WARNING:pe_image_reader.cc(340)] could not read dos header from C:\Windows\SYSTEM32\ntdll.dll
[1227/110806.949:ERROR:process_memory_win.cc(73)] ReadMemory at 0x7ffe5e8b0000 of 64 bytes failed: Only part of a ReadProcessMemory or WriteProcessMemory request was completed. (0x12B)
[1227/110806.949:WARNING:pe_image_reader.cc(340)] could not read dos header from C:\Windows\System32\KERNEL32.DLL
[1227/110806.949:ERROR:process_memory_win.cc(73)] ReadMemory at 0x7ffe5c020000 of 64 bytes failed: Only part of a ReadProcessMemory or WriteProcessMemory request was completed. (0x12B)
[1227/110806.949:WARNING:pe_image_reader.cc(340)] could not read dos header from C:\Windows\System32\KERNELBASE.dll
[1227/110806.949:ERROR:process_memory_win.cc(73)] ReadMemory at 0x7ffe13b90000 of 64 bytes failed: Only part of a ReadProcessMemory or WriteProcessMemory request was completed. (0x12B)
[1227/110806.950:WARNING:pe_image_reader.cc(340)] could not read dos header from C:\Program Files (x86)\Google\Chrome\Application\79.0.3945.88\chrome_elf.dll
[1227/110806.950:ERROR:process_memory_win.cc(73)] ReadMemory at 0x7ffe52f80000 of 64 bytes failed: Only part of a ReadProcessMemory or WriteProcessMemory request was completed. (0x12B)
[1227/110806.950:WARNING:pe_image_reader.cc(340)] could not read dos header from C:\Windows\SYSTEM32\VERSION.dll
[1227/110806.950:ERROR:process_memory_win.cc(73)] ReadMemory at 0x7ffe5e810000 of 64 bytes failed: Only part of a ReadProcessMemory or WriteProcessMemory request was completed. (0x12B)
[1227/110806.950:WARNING:pe_image_reader.cc(340)] could not read dos header from C:\Windows\System32\msvcrt.dll
[1227/110806.950:ERROR:process_memory_win.cc(73)] ReadMemory at 0x7ffe5cf70000 of 64 bytes failed: Only part of a ReadProcessMemory or WriteProcessMemory request was completed. (0x12B)
[1227/110806.950:WARNING:pe_image_reader.cc(340)] could not read dos header from C:\Windows\System32\bcryptPrimitives.dll
[1227/110806.950:ERROR:process_memory_win.cc(73)] ReadMemory at 0x7ffe5e6a0000 of 64 bytes failed: Only part of a ReadProcessMemory or WriteProcessMemory request was completed. (0x12B)
[1227/110806.951:WARNING:pe_image_reader.cc(340)] could not read dos header from C:\Windows\System32\ADVAPI32.dll
[1227/110806.951:ERROR:process_memory_win.cc(73)] ReadMemory at 0x7ffe5ede0000 of 64 bytes failed: Only part of a ReadProcessMemory or WriteProcessMemory request was completed. (0x12B)
[1227/110806.951:WARNING:pe_image_reader.cc(340)] could not read dos header from C:\Windows\System32\sechost.dll
[1227/110806.951:ERROR:process_memory_win.cc(73)] ReadMemory at 0x7ffe5e580000 of 64 bytes failed: Only part of a ReadProcessMemory or WriteProcessMemory request was completed. (0x12B)
[1227/110806.951:WARNING:pe_image_reader.cc(340)] could not read dos header from C:\Windows\System32\RPCRT4.dll
[1227/110806.951:ERROR:process_memory_win.cc(73)] ReadMemory at 0x7ffe09f50000 of 64 bytes failed: Only part of a ReadProcessMemory or WriteProcessMemory request was completed. (0x12B)
[1227/110806.951:WARNING:pe_image_reader.cc(340)] could not read dos header from C:\Program Files (x86)\Google\Chrome\Application\79.0.3945.88\chrome_child.dll
[1227/110806.951:ERROR:process_memory_win.cc(73)] ReadMemory at 0x7ffe5d130000 of 64 bytes failed: Only part of a ReadProcessMemory or WriteProcessMemory request was completed. (0x12B)
[1227/110806.951:WARNING:pe_image_reader.cc(340)] could not read dos header from C:\Windows\System32\OLEAUT32.dll
[1227/110806.951:ERROR:process_memory_win.cc(73)] ReadMemory at 0x7ffe5cd80000 of 64 bytes failed: Only part of a ReadProcessMemory or WriteProcessMemory request was completed. (0x12B)
[1227/110806.951:WARNING:pe_image_reader.cc(340)] could not read dos header from C:\Windows\System32\msvcp_win.dll
[1227/110806.951:ERROR:process_memory_win.cc(73)] ReadMemory at 0x7ffe5ce20000 of 64 bytes failed: Only part of a ReadProcessMemory or WriteProcessMemory request was completed. (0x12B)
[1227/110806.951:WARNING:pe_image_reader.cc(340)] could not read dos header from C:\Windows\System32\ucrtbase.dll
[1227/110806.952:ERROR:process_memory_win.cc(73)] ReadMemory at 0x7ffe5d2d0000 of 64 bytes failed: Only part of a ReadProcessMemory or WriteProcessMemory request was completed. (0x12B)
[1227/110806.966:WARNING:pe_image_reader.cc(340)] could not read dos header from C:\Windows\System32\combase.dll
[1227/110806.966:ERROR:process_memory_win.cc(73)] ReadMemory at 0x7ffe5e490000 of 64 bytes failed: Only part of a ReadProcessMemory or WriteProcessMemory request was completed. (0x12B)
[1227/110806.966:WARNING:pe_image_reader.cc(340)] could not read dos header from C:\Windows\System32\WS2_32.dll
[1227/110806.967:ERROR:process_memory_win.cc(73)] ReadMemory at 0x7ffe5c2d0000 of 64 bytes failed: Only part of a ReadProcessMemory or WriteProcessMemory request was completed. (0x12B)
[1227/110806.967:WARNING:pe_image_reader.cc(340)] could not read dos header from C:\Windows\System32\WINTRUST.dll
[1227/110806.967:ERROR:process_memory_win.cc(73)] ReadMemory at 0x7ffe5beb0000 of 64 bytes failed: Only part of a ReadProcessMemory or WriteProcessMemory request was completed. (0x12B)
[1227/110806.967:WARNING:pe_image_reader.cc(340)] could not read dos header from C:\Windows\System32\MSASN1.dll
[1227/110806.967:ERROR:process_memory_win.cc(73)] ReadMemory at 0x7ffe5bed0000 of 64 bytes failed: Only part of a ReadProcessMemory or WriteProcessMemory request was completed. (0x12B)
[1227/110806.967:WARNING:pe_image_reader.cc(340)] could not read dos header from C:\Windows\System32\CRYPT32.dll
[1227/110806.967:ERROR:process_memory_win.cc(73)] ReadMemory at 0x7ffe5b390000 of 64 bytes failed: Only part of a ReadProcessMemory or WriteProcessMemory request was completed. (0x12B)
[1227/110806.967:WARNING:pe_image_reader.cc(340)] could not read dos header from C:\Windows\SYSTEM32\IPHLPAPI.DLL
[1227/110806.967:ERROR:process_memory_win.cc(73)] ReadMemory at 0x7ffe59300000 of 64 bytes failed: Only part of a ReadProcessMemory or WriteProcessMemory request was completed. (0x12B)
[1227/110806.967:WARNING:pe_image_reader.cc(340)] could not read dos header from C:\Windows\SYSTEM32\WINMM.dll
[1227/110806.967:ERROR:process_memory_win.cc(73)] ReadMemory at 0x7ffe5bd00000 of 64 bytes failed: Only part of a ReadProcessMemory or WriteProcessMemory request was completed. (0x12B)
[1227/110806.967:WARNING:pe_image_reader.cc(340)] could not read dos header from C:\Windows\SYSTEM32\USERENV.dll
[1227/110806.968:ERROR:process_memory_win.cc(73)] ReadMemory at 0x7ffe5be90000 of 64 bytes failed: Only part of a ReadProcessMemory or WriteProcessMemory request was completed. (0x12B)
[1227/110806.968:WARNING:pe_image_reader.cc(340)] could not read dos header from C:\Windows\System32\profapi.dll
[1227/110806.968:ERROR:process_memory_win.cc(73)] ReadMemory at 0x7ffe4d760000 of 64 bytes failed: Only part of a ReadProcessMemory or WriteProcessMemory request was completed. (0x12B)
[1227/110806.968:WARNING:pe_image_reader.cc(340)] could not read dos header from C:\Windows\SYSTEM32\DWrite.dll
[1227/110806.968:ERROR:process_memory_win.cc(73)] ReadMemory at 0x7ffe51410000 of 64 bytes failed: Only part of a ReadProcessMemory or WriteProcessMemory request was completed. (0x12B)
[1227/110806.968:WARNING:pe_image_reader.cc(340)] could not read dos header from C:\Windows\SYSTEM32\WINSPOOL.DRV
[1227/110806.968:ERROR:process_memory_win.cc(73)] ReadMemory at 0x7ffe5be20000 of 64 bytes failed: Only part of a ReadProcessMemory or WriteProcessMemory request was completed. (0x12B)
[1227/110806.968:WARNING:pe_image_reader.cc(340)] could not read dos header from C:\Windows\System32\kernel.appcore.dll
[1227/110806.968:ERROR:process_memory_win.cc(73)] ReadMemory at 0x7ffe5c430000 of 64 bytes failed: Only part of a ReadProcessMemory or WriteProcessMemory request was completed. (0x12B)
[1227/110806.968:WARNING:pe_image_reader.cc(340)] could not read dos header from C:\Windows\System32\bcrypt.dll
[1227/110806.968:ERROR:process_memory_win.cc(73)] ReadMemory at 0x7ffe52160000 of 64 bytes failed: Only part of a ReadProcessMemory or WriteProcessMemory request was completed. (0x12B)
[1227/110806.968:WARNING:pe_image_reader.cc(340)] could not read dos header from C:\Windows\SYSTEM32\dbghelp.dll
[1227/110806.968:ERROR:process_memory_win.cc(73)] ReadMemory at 0x7ffe478e0000 of 64 bytes failed: Only part of a ReadProcessMemory or WriteProcessMemory request was completed. (0x12B)
[1227/110806.968:WARNING:pe_image_reader.cc(340)] could not read dos header from C:\Windows\SYSTEM32\Secur32.dll
[1227/110806.968:ERROR:process_memory_win.cc(73)] ReadMemory at 0x7ffe54a50000 of 64 bytes failed: Only part of a ReadProcessMemory or WriteProcessMemory request was completed. (0x12B)
[1227/110806.968:WARNING:pe_image_reader.cc(340)] could not read dos header from C:\Windows\SYSTEM32\WINHTTP.dll
[1227/110806.969:ERROR:process_memory_win.cc(73)] ReadMemory at 0x7ffe514a0000 of 64 bytes failed: Only part of a ReadProcessMemory or WriteProcessMemory request was completed. (0x12B)
[1227/110806.969:WARNING:pe_image_reader.cc(340)] could not read dos header from C:\Windows\SYSTEM32\dhcpcsvc.DLL
[1227/110806.969:ERROR:process_memory_win.cc(73)] ReadMemory at 0x7ffe5e7d0000 of 64 bytes failed: Only part of a ReadProcessMemory or WriteProcessMemory request was completed. (0x12B)
[1227/110806.969:WARNING:pe_image_reader.cc(340)] could not read dos header from C:\Windows\System32\NSI.dll
[1227/110806.969:ERROR:process_memory_win.cc(73)] ReadMemory at 0x7ffe592d0000 of 64 bytes failed: Only part of a ReadProcessMemory or WriteProcessMemory request was completed. (0x12B)
[1227/110806.969:WARNING:pe_image_reader.cc(340)] could not read dos header from C:\Windows\SYSTEM32\WINMMBASE.dll
[1227/110806.969:ERROR:process_memory_win.cc(73)] ReadMemory at 0x7ffe5cf20000 of 64 bytes failed: Only part of a ReadProcessMemory or WriteProcessMemory request was completed. (0x12B)
[1227/110806.969:WARNING:pe_image_reader.cc(340)] could not read dos header from C:\Windows\System32\cfgmgr32.dll
[1227/110806.969:ERROR:process_memory_win.cc(73)] ReadMemory at 0x7ffe581c0000 of 64 bytes failed: Only part of a ReadProcessMemory or WriteProcessMemory request was completed. (0x12B)
[1227/110806.969:WARNING:pe_image_reader.cc(340)] could not read dos header from C:\Windows\SYSTEM32\PROPSYS.dll
[1227/110806.969:ERROR:process_memory_win.cc(73)] ReadMemory at 0x7ffe5d610000 of 64 bytes failed: Only part of a ReadProcessMemory or WriteProcessMemory request was completed. (0x12B)
[1227/110806.970:WARNING:pe_image_reader.cc(340)] could not read dos header from C:\Windows\System32\shcore.dll
[1227/110806.970:ERROR:process_memory_win.cc(73)] ReadMemory at 0x7ffe5bd30000 of 64 bytes failed: Only part of a ReadProcessMemory or WriteProcessMemory request was completed. (0x12B)
[1227/110806.970:WARNING:pe_image_reader.cc(340)] could not read dos header from C:\Windows\SYSTEM32\SSPICLI.DLL
[1227/110806.970:ERROR:process_memory_win.cc(73)] ReadMemory at 0x7ffe5b850000 of 64 bytes failed: Only part of a ReadProcessMemory or WriteProcessMemory request was completed. (0x12B)
[1227/110806.970:WARNING:pe_image_reader.cc(340)] could not read dos header from C:\Windows\SYSTEM32\CRYPTBASE.DLL
[1227/110807.434:ERROR:process_memory_win.cc(73)] ReadMemory at 0xa685706000 of 1024000 bytes failed: Only part of a ReadProcessMemory or WriteProcessMemory request was completed. (0x12B)
[1227/110807.459:ERROR:process_memory_win.cc(73)] ReadMemory at 0xa685ffd000 of 12288 bytes failed: Only part of a ReadProcessMemory or WriteProcessMemory request was completed. (0x12B)
[1227/110807.459:ERROR:process_memory_win.cc(73)] ReadMemory at 0xa686ffc000 of 16384 bytes failed: Only part of a ReadProcessMemory or WriteProcessMemory request was completed. (0x12B)
[1227/110807.459:ERROR:process_memory_win.cc(73)] ReadMemory at 0xa6877fb000 of 20480 bytes failed: Only part of a ReadProcessMemory or WriteProcessMemory request was completed. (0x12B)
[1227/110807.460:ERROR:process_memory_win.cc(73)] ReadMemory at 0xa687ffe000 of 8192 bytes failed: Only part of a ReadProcessMemory or WriteProcessMemory request was completed. (0x12B)
[1227/110807.460:ERROR:process_memory_win.cc(73)] ReadMemory at 0xa6887fc000 of 16384 bytes failed: Only part of a ReadProcessMemory or WriteProcessMemory request was completed. (0x12B)
[1227/110807.460:ERROR:process_memory_win.cc(73)] ReadMemory at 0xa688ffb000 of 20480 bytes failed: Only part of a ReadProcessMemory or WriteProcessMemory request was completed. (0x12B)
[1227/110807.460:ERROR:process_memory_win.cc(73)] ReadMemory at 0xa6897fd000 of 12288 bytes failed: Only part of a ReadProcessMemory or WriteProcessMemory request was completed. (0x12B)
[1227/110807.460:ERROR:process_memory_win.cc(73)] ReadMemory at 0xa689ffa000 of 24576 bytes failed: Only part of a ReadProcessMemory or WriteProcessMemory request was completed. (0x12B)
[1227/110807.461:ERROR:process_memory_win.cc(73)] ReadMemory at 0xa68a7f9000 of 28672 bytes failed: Only part of a ReadProcessMemory or WriteProcessMemory request was completed. (0x12B)
[1227/110807.461:ERROR:process_memory_win.cc(73)] ReadMemory at 0xa68affd000 of 12288 bytes failed: Only part of a ReadProcessMemory or WriteProcessMemory request was completed. (0x12B)
[1227/110807.461:ERROR:process_memory_win.cc(73)] ReadMemory at 0xa68c7fb000 of 20480 bytes failed: Only part of a ReadProcessMemory or WriteProcessMemory request was completed. (0x12B)
[1227/110807.461:ERROR:process_memory_win.cc(73)] ReadMemory at 0xa68b7fd000 of 12288 bytes failed: Only part of a ReadProcessMemory or WriteProcessMemory request was completed. (0x12B)
[1227/110807.461:ERROR:process_memory_win.cc(73)] ReadMemory at 0xa6867fd000 of 12288 bytes failed: Only part of a ReadProcessMemory or WriteProcessMemory request was completed. (0x12B)
[1227/110807.462:ERROR:process_memory_win.cc(73)] ReadMemory at 0xa68bffc000 of 16384 bytes failed: Only part of a ReadProcessMemory or WriteProcessMemory request was completed. (0x12B)
[1227/110807.462:ERROR:process_memory_win.cc(73)] ReadMemory at 0xa68cffe000 of 8192 bytes failed: Only part of a ReadProcessMemory or WriteProcessMemory request was completed. (0x12B)
[1227/110807.709:ERROR:process_memory_win.cc(73)] ReadMemory at 0xa684ee8000 of 852 bytes failed: Only part of a ReadProcessMemory or WriteProcessMemory request was completed. (0x12B)
[1227/110808.068:ERROR:process_memory_win.cc(73)] ReadMemory at 0xa684ee9000 of 6024 bytes failed: Only part of a ReadProcessMemory or WriteProcessMemory request was completed. (0x12B)
[1227/110808.068:ERROR:process_memory_win.cc(73)] ReadMemory at 0xa684eeb000 of 6024 bytes failed: Only part of a ReadProcessMemory or WriteProcessMemory request was completed. (0x12B)
[1227/110808.085:ERROR:process_memory_win.cc(73)] ReadMemory at 0xa684eef000 of 6024 bytes failed: Only part of a ReadProcessMemory or WriteProcessMemory request was completed. (0x12B)
[1227/110808.085:ERROR:process_memory_win.cc(73)] ReadMemory at 0xa684ef1000 of 6024 bytes failed: Only part of a ReadProcessMemory or WriteProcessMemory request was completed. (0x12B)
[1227/110808.086:ERROR:process_memory_win.cc(73)] ReadMemory at 0xa684ef3000 of 6024 bytes failed: Only part of a ReadProcessMemory or WriteProcessMemory request was completed. (0x12B)
[1227/110808.086:ERROR:process_memory_win.cc(73)] ReadMemory at 0xa684ef5000 of 6024 bytes failed: Only part of a ReadProcessMemory or WriteProcessMemory request was completed. (0x12B)
[1227/110808.086:ERROR:process_memory_win.cc(73)] ReadMemory at 0xa684ef7000 of 6024 bytes failed: Only part of a ReadProcessMemory or WriteProcessMemory request was completed. (0x12B)
[1227/110808.086:ERROR:process_memory_win.cc(73)] ReadMemory at 0xa684ef9000 of 6024 bytes failed: Only part of a ReadProcessMemory or WriteProcessMemory request was completed. (0x12B)
[1227/110808.087:ERROR:process_memory_win.cc(73)] ReadMemory at 0xa684efb000 of 6024 bytes failed: Only part of a ReadProcessMemory or WriteProcessMemory request was completed. (0x12B)
[1227/110808.087:ERROR:process_memory_win.cc(73)] ReadMemory at 0xa684efd000 of 6024 bytes failed: Only part of a ReadProcessMemory or WriteProcessMemory request was completed. (0x12B)
[1227/110808.087:ERROR:process_memory_win.cc(73)] ReadMemory at 0xa684eff000 of 6024 bytes failed: Only part of a ReadProcessMemory or WriteProcessMemory request was completed. (0x12B)
[1227/110808.087:ERROR:process_memory_win.cc(73)] ReadMemory at 0xa684f05000 of 6024 bytes failed: Only part of a ReadProcessMemory or WriteProcessMemory request was completed. (0x12B)
[1227/110808.088:ERROR:process_memory_win.cc(73)] ReadMemory at 0xa684f07000 of 6024 bytes failed: Only part of a ReadProcessMemory or WriteProcessMemory request was completed. (0x12B)
[1227/110808.088:ERROR:process_memory_win.cc(73)] ReadMemory at 0xa684f09000 of 6024 bytes failed: Only part of a ReadProcessMemory or WriteProcessMemory request was completed. (0x12B)
[1227/110808.088:ERROR:process_memory_win.cc(73)] ReadMemory at 0xa684f0b000 of 6024 bytes failed: Only part of a ReadProcessMemory or WriteProcessMemory request was completed. (0x12B)
[1227/110808.088:ERROR:process_memory_win.cc(73)] ReadMemory at 0xa684f0d000 of 6024 bytes failed: Only part of a ReadProcessMemory or WriteProcessMemory request was completed. (0x12B)
[1227/110808.089:ERROR:process_memory_win.cc(73)] ReadMemory at 0x1f4a6de0750 of 80 bytes failed: Only part of a ReadProcessMemory or WriteProcessMemory request was completed. (0x12B)
[1227/110808.089:ERROR:process_memory_win.cc(73)] ReadMemory at 0x1f4a6de0fe0 of 3964 bytes failed: Only part of a ReadProcessMemory or WriteProcessMemory request was completed. (0x12B)
[1227/110808.089:ERROR:process_memory_win.cc(73)] ReadMemory at 0x1f4a6de1f70 of 1012 bytes failed: Only part of a ReadProcessMemory or WriteProcessMemory request was completed. (0x12B)
[1227/110808.089:ERROR:process_memory_win.cc(73)] ReadMemory at 0x1f4a6de25b8 of 118 bytes failed: Only part of a ReadProcessMemory or WriteProcessMemory request was completed. (0x12B)
[1227/110808.089:ERROR:process_memory_win.cc(73)] ReadMemory at 0x1f4a6de2630 of 896 bytes failed: Only part of a ReadProcessMemory or WriteProcessMemory request was completed. (0x12B)
[1227/110808.090:ERROR:process_memory_win.cc(73)] ReadMemory at 0x1f4a6de29b2 of 118 bytes failed: Only part of a ReadProcessMemory or WriteProcessMemory request was completed. (0x12B)
[1227/110808.090:ERROR:process_memory_win.cc(73)] ReadMemory at 0x1f4a6de2a2a of 96 bytes failed: Only part of a ReadProcessMemory or WriteProcessMemory request was completed. (0x12B)
[1227/110808.090:ERROR:process_memory_win.cc(73)] ReadMemory at 0x1f4a6de2aa0 of 58 bytes failed: Only part of a ReadProcessMemory or WriteProcessMemory request was completed. (0x12B)
[1227/110808.090:ERROR:process_memory_win.cc(73)] ReadMemory at 0x1f4a6de2ba0 of 132 bytes failed: Only part of a ReadProcessMemory or WriteProcessMemory request was completed. (0x12B)
[1227/110808.091:ERROR:process_memory_win.cc(73)] ReadMemory at 0x1f4a6de2d30 of 132 bytes failed: Only part of a ReadProcessMemory or WriteProcessMemory request was completed. (0x12B)
[1227/110808.091:ERROR:process_memory_win.cc(73)] ReadMemory at 0x1f4a6de2ef0 of 124 bytes failed: Only part of a ReadProcessMemory or WriteProcessMemory request was completed. (0x12B)
[1227/110808.091:ERROR:process_memory_win.cc(73)] ReadMemory at 0x1f4a6de32d0 of 132 bytes failed: Only part of a ReadProcessMemory or WriteProcessMemory request was completed. (0x12B)
[1227/110808.091:ERROR:process_memory_win.cc(73)] ReadMemory at 0x1f4a6de3460 of 64 bytes failed: Only part of a ReadProcessMemory or WriteProcessMemory request was completed. (0x12B)
[1227/110808.091:ERROR:process_memory_win.cc(73)] ReadMemory at 0x1f4a6de3620 of 132 bytes failed: Only part of a ReadProcessMemory or WriteProcessMemory request was completed. (0x12B)
[1227/110808.092:ERROR:process_memory_win.cc(73)] ReadMemory at 0x1f4a6de38c0 of 132 bytes failed: Only part of a ReadProcessMemory or WriteProcessMemory request was completed. (0x12B)
[1227/110808.092:ERROR:process_memory_win.cc(73)] ReadMemory at 0x1f4a6de3a50 of 68 bytes failed: Only part of a ReadProcessMemory or WriteProcessMemory request was completed. (0x12B)
[1227/110808.092:ERROR:process_memory_win.cc(73)] ReadMemory at 0x1f4a6de4a80 of 156 bytes failed: Only part of a ReadProcessMemory or WriteProcessMemory request was completed. (0x12B)
[1227/110808.092:ERROR:process_memory_win.cc(73)] ReadMemory at 0x1f4a6de4b60 of 132 bytes failed: Only part of a ReadProcessMemory or WriteProcessMemory request was completed. (0x12B)
[1227/110808.092:ERROR:process_memory_win.cc(73)] ReadMemory at 0x1f4a6de4cf0 of 152 bytes failed: Only part of a ReadProcessMemory or WriteProcessMemory request was completed. (0x12B)
[1227/110808.092:ERROR:process_memory_win.cc(73)] ReadMemory at 0x1f4a6de5ad0 of 62 bytes failed: Only part of a ReadProcessMemory or WriteProcessMemory request was completed. (0x12B)
[1227/110808.093:ERROR:process_memory_win.cc(73)] ReadMemory at 0x1f4a6de5b20 of 132 bytes failed: Only part of a ReadProcessMemory or WriteProcessMemory request was completed. (0x12B)
[1227/110808.093:ERROR:process_memory_win.cc(73)] ReadMemory at 0x1f4a6de5cc0 of 60 bytes failed: Only part of a ReadProcessMemory or WriteProcessMemory request was completed. (0x12B)
[1227/110808.093:ERROR:process_memory_win.cc(73)] ReadMemory at 0x1f4a6de6280 of 132 bytes failed: Only part of a ReadProcessMemory or WriteProcessMemory request was completed. (0x12B)
[1227/110808.238:ERROR:process_memory_win.cc(73)] ReadMemory at 0x1f4a6de7650 of 132 bytes failed: Only part of a ReadProcessMemory or WriteProcessMemory request was completed. (0x12B)
[1227/110808.241:ERROR:process_memory_win.cc(73)] ReadMemory at 0x1f4a6dea550 of 64 bytes failed: Only part of a ReadProcessMemory or WriteProcessMemory request was completed. (0x12B)
[1227/110808.241:ERROR:process_memory_win.cc(73)] ReadMemory at 0x1f4a6dea640 of 60 bytes failed: Only part of a ReadProcessMemory or WriteProcessMemory request was completed. (0x12B)
[1227/110808.241:ERROR:process_memory_win.cc(73)] ReadMemory at 0x1f4a6dea6e0 of 62 bytes failed: Only part of a ReadProcessMemory or WriteProcessMemory request was completed. (0x12B)
[1227/110808.241:ERROR:process_memory_win.cc(73)] ReadMemory at 0x1f4a6dea780 of 60 bytes failed: Only part of a ReadProcessMemory or WriteProcessMemory request was completed. (0x12B)
[1227/110808.242:ERROR:process_memory_win.cc(73)] ReadMemory at 0x1f4a6dea7d0 of 64 bytes failed: Only part of a ReadProcessMemory or WriteProcessMemory request was completed. (0x12B)
[1227/110808.242:ERROR:process_memory_win.cc(73)] ReadMemory at 0x1f4a6deaaf0 of 62 bytes failed: Only part of a ReadProcessMemory or WriteProcessMemory request was completed. (0x12B)
[1227/110808.242:ERROR:process_memory_win.cc(73)] ReadMemory at 0x1f4a6deabe0 of 66 bytes failed: Only part of a ReadProcessMemory or WriteProcessMemory request was completed. (0x12B)
[1227/110808.242:ERROR:process_memory_win.cc(73)] ReadMemory at 0x1f4a6deac30 of 64 bytes failed: Only part of a ReadProcessMemory or WriteProcessMemory request was completed. (0x12B)
[1227/110808.242:ERROR:process_memory_win.cc(73)] ReadMemory at 0x1f4a6deac80 of 64 bytes failed: Only part of a ReadProcessMemory or WriteProcessMemory request was completed. (0x12B)
[1227/110808.242:ERROR:process_memory_win.cc(73)] ReadMemory at 0x1f4a6dead60 of 132 bytes failed: Only part of a ReadProcessMemory or WriteProcessMemory request was completed. (0x12B)
[1227/110808.242:ERROR:process_memory_win.cc(73)] ReadMemory at 0x1f4a6deae90 of 132 bytes failed: Only part of a ReadProcessMemory or WriteProcessMemory request was completed. (0x12B)
[1227/110808.243:ERROR:process_memory_win.cc(73)] ReadMemory at 0x1f4a6deafc0 of 132 bytes failed: Only part of a ReadProcessMemory or WriteProcessMemory request was completed. (0x12B)
[1227/110808.243:ERROR:process_memory_win.cc(73)] ReadMemory at 0x1f4a6deb0f0 of 132 bytes failed: Only part of a ReadProcessMemory or WriteProcessMemory request was completed. (0x12B)
[1227/110808.243:ERROR:process_memory_win.cc(73)] ReadMemory at 0x1f4a6deb220 of 132 bytes failed: Only part of a ReadProcessMemory or WriteProcessMemory request was completed. (0x12B)
[1227/110808.243:ERROR:process_memory_win.cc(73)] ReadMemory at 0x1f4a6deb480 of 132 bytes failed: Only part of a ReadProcessMemory or WriteProcessMemory request was completed. (0x12B)
[1227/110808.243:ERROR:process_memory_win.cc(73)] ReadMemory at 0x1f4a6deb5b0 of 132 bytes failed: Only part of a ReadProcessMemory or WriteProcessMemory request was completed. (0x12B)
[1227/110808.243:ERROR:process_memory_win.cc(73)] ReadMemory at 0x1f4a6deb6e0 of 132 bytes failed: Only part of a ReadProcessMemory or WriteProcessMemory request was completed. (0x12B)
[1227/110808.243:ERROR:process_memory_win.cc(73)] ReadMemory at 0x1f4a6deb810 of 132 bytes failed: Only part of a ReadProcessMemory or WriteProcessMemory request was completed. (0x12B)
[1227/110808.244:ERROR:process_memory_win.cc(73)] ReadMemory at 0x1f4a6deb940 of 132 bytes failed: Only part of a ReadProcessMemory or WriteProcessMemory request was completed. (0x12B)
[1227/110808.244:ERROR:process_memory_win.cc(73)] ReadMemory at 0x1f4a6deba70 of 132 bytes failed: Only part of a ReadProcessMemory or WriteProcessMemory request was completed. (0x12B)
[1227/110808.244:ERROR:process_memory_win.cc(73)] ReadMemory at 0x1f4a6debba0 of 132 bytes failed: Only part of a ReadProcessMemory or WriteProcessMemory request was completed. (0x12B)
[1227/110808.244:ERROR:process_memory_win.cc(73)] ReadMemory at 0x1f4a6dec620 of 512 bytes failed: Only part of a ReadProcessMemory or WriteProcessMemory request was completed. (0x12B)
[1227/110808.244:ERROR:process_memory_win.cc(73)] ReadMemory at 0x1f4a6ded3a0 of 54 bytes failed: Only part of a ReadProcessMemory or WriteProcessMemory request was completed. (0x12B)
[1227/110808.244:ERROR:process_memory_win.cc(73)] ReadMemory at 0x1f4a6dee250 of 132 bytes failed: Only part of a ReadProcessMemory or WriteProcessMemory request was completed. (0x12B)
[1227/110808.244:ERROR:process_memory_win.cc(73)] ReadMemory at 0x1f4a6deeda0 of 132 bytes failed: Only part of a ReadProcessMemory or WriteProcessMemory request was completed. (0x12B)
[1227/110808.245:ERROR:process_memory_win.cc(73)] ReadMemory at 0x1f4a6deeed0 of 132 bytes failed: Only part of a ReadProcessMemory or WriteProcessMemory request was completed. (0x12B)
[1227/110808.245:ERROR:process_memory_win.cc(73)] ReadMemory at 0x1f4a6def1b0 of 132 bytes failed: Only part of a ReadProcessMemory or WriteProcessMemory request was completed. (0x12B)
[1227/110808.245:ERROR:process_memory_win.cc(73)] ReadMemory at 0x1f4a6def6c0 of 132 bytes failed: Only part of a ReadProcessMemory or WriteProcessMemory request was completed. (0x12B)
[1227/110808.245:ERROR:process_memory_win.cc(73)] ReadMemory at 0x1f4a6df0fb0 of 132 bytes failed: Only part of a ReadProcessMemory or WriteProcessMemory request was completed. (0x12B)
[1227/110808.245:ERROR:process_memory_win.cc(73)] ReadMemory at 0x1f4a6df1300 of 132 bytes failed: Only part of a ReadProcessMemory or WriteProcessMemory request was completed. (0x12B)
[1227/110808.245:ERROR:process_memory_win.cc(73)] ReadMemory at 0x1f4a6df38e0 of 132 bytes failed: Only part of a ReadProcessMemory or WriteProcessMemory request was completed. (0x12B)
[1227/110808.245:ERROR:process_memory_win.cc(73)] ReadMemory at 0x1f4a6df4020 of 76 bytes failed: Only part of a ReadProcessMemory or WriteProcessMemory request was completed. (0x12B)
[1227/110808.246:ERROR:process_memory_win.cc(73)] ReadMemory at 0x1f4a6df4f10 of 60 bytes failed: Only part of a ReadProcessMemory or WriteProcessMemory request was completed. (0x12B)
[1227/110808.246:ERROR:process_memory_win.cc(73)] ReadMemory at 0x1f4a6df4f60 of 62 bytes failed: Only part of a ReadProcessMemory or WriteProcessMemory request was completed. (0x12B)
[1227/110808.246:ERROR:process_memory_win.cc(73)] ReadMemory at 0x1f4a6df4fb0 of 62 bytes failed: Only part of a ReadProcessMemory or WriteProcessMemory request was completed. (0x12B)
[1227/110808.246:ERROR:process_memory_win.cc(73)] ReadMemory at 0x1f4a6df5000 of 62 bytes failed: Only part of a ReadProcessMemory or WriteProcessMemory request was completed. (0x12B)
[1227/110808.246:ERROR:process_memory_win.cc(73)] ReadMemory at 0x1f4a6df5140 of 64 bytes failed: Only part of a ReadProcessMemory or WriteProcessMemory request was completed. (0x12B)
[1227/110808.396:ERROR:process_memory_win.cc(73)] ReadMemory at 0x1f4a6df5190 of 64 bytes failed: Only part of a ReadProcessMemory or WriteProcessMemory request was completed. (0x12B)
[1227/110808.481:ERROR:process_memory_win.cc(73)] ReadMemory at 0x1f4a6df5370 of 62 bytes failed: Only part of a ReadProcessMemory or WriteProcessMemory request was completed. (0x12B)
[1227/110808.481:ERROR:process_memory_win.cc(73)] ReadMemory at 0x1f4a6df5500 of 58 bytes failed: Only part of a ReadProcessMemory or WriteProcessMemory request was completed. (0x12B)
[1227/110808.482:ERROR:process_memory_win.cc(73)] ReadMemory at 0x1f4a6df5640 of 64 bytes failed: Only part of a ReadProcessMemory or WriteProcessMemory request was completed. (0x12B)
[1227/110808.484:ERROR:process_memory_win.cc(73)] ReadMemory at 0x1f4a6df56e0 of 66 bytes failed: Only part of a ReadProcessMemory or WriteProcessMemory request was completed. (0x12B)
[1227/110808.484:ERROR:process_memory_win.cc(73)] ReadMemory at 0x1f4a6df5730 of 62 bytes failed: Only part of a ReadProcessMemory or WriteProcessMemory request was completed. (0x12B)
[1227/110808.484:ERROR:process_memory_win.cc(73)] ReadMemory at 0x1f4a6df5780 of 60 bytes failed: Only part of a ReadProcessMemory or WriteProcessMemory request was completed. (0x12B)
[1227/110808.484:ERROR:process_memory_win.cc(73)] ReadMemory at 0x1f4a6df5820 of 64 bytes failed: Only part of a ReadProcessMemory or WriteProcessMemory request was completed. (0x12B)
[1227/110808.484:ERROR:process_memory_win.cc(73)] ReadMemory at 0x1f4a6df5aa0 of 62 bytes failed: Only part of a ReadProcessMemory or WriteProcessMemory request was completed. (0x12B)
[1227/110808.485:ERROR:process_memory_win.cc(73)] ReadMemory at 0x1f4a6df5c80 of 62 bytes failed: Only part of a ReadProcessMemory or WriteProcessMemory request was completed. (0x12B)
[1227/110808.485:ERROR:process_memory_win.cc(73)] ReadMemory at 0x1f4a6df5d20 of 60 bytes failed: Only part of a ReadProcessMemory or WriteProcessMemory request was completed. (0x12B)
[1227/110808.488:ERROR:process_memory_win.cc(73)] ReadMemory at 0x1f4a6df5dc0 of 62 bytes failed: Only part of a ReadProcessMemory or WriteProcessMemory request was completed. (0x12B)
[1227/110808.488:ERROR:process_memory_win.cc(73)] ReadMemory at 0x1f4a6df5e10 of 60 bytes failed: Only part of a ReadProcessMemory or WriteProcessMemory request was completed. (0x12B)
[1227/110808.488:ERROR:process_memory_win.cc(73)] ReadMemory at 0x1f4a6df69a0 of 132 bytes failed: Only part of a ReadProcessMemory or WriteProcessMemory request was completed. (0x12B)
[1227/110808.489:ERROR:process_memory_win.cc(73)] ReadMemory at 0x1f4a6df6f90 of 132 bytes failed: Only part of a ReadProcessMemory or WriteProcessMemory request was completed. (0x12B)
[1227/110808.489:ERROR:process_memory_win.cc(73)] ReadMemory at 0x1f4a6df77e0 of 132 bytes failed: Only part of a ReadProcessMemory or WriteProcessMemory request was completed. (0x12B)
[1227/110808.489:ERROR:process_memory_win.cc(73)] ReadMemory at 0x1f4a6df7a40 of 132 bytes failed: Only part of a ReadProcessMemory or WriteProcessMemory request was completed. (0x12B)
[1227/110808.489:ERROR:process_memory_win.cc(73)] ReadMemory at 0x1f4a6df7b70 of 132 bytes failed: Only part of a ReadProcessMemory or WriteProcessMemory request was completed. (0x12B)
[1227/110808.489:ERROR:process_memory_win.cc(73)] ReadMemory at 0x1f4a6df7ca0 of 132 bytes failed: Only part of a ReadProcessMemory or WriteProcessMemory request was completed. (0x12B)
[1227/110808.490:ERROR:process_memory_win.cc(73)] ReadMemory at 0x1f4a6df7dd0 of 132 bytes failed: Only part of a ReadProcessMemory or WriteProcessMemory request was completed. (0x12B)
[1227/110808.490:ERROR:process_memory_win.cc(73)] ReadMemory at 0x1f4a6df7f00 of 132 bytes failed: Only part of a ReadProcessMemory or WriteProcessMemory request was completed. (0x12B)
[1227/110808.490:ERROR:process_memory_win.cc(73)] ReadMemory at 0x1f4a6df8030 of 132 bytes failed: Only part of a ReadProcessMemory or WriteProcessMemory request was completed. (0x12B)
[1227/110808.490:ERROR:process_memory_win.cc(73)] ReadMemory at 0x1f4a6e0c0d0 of 512 bytes failed: Only part of a ReadProcessMemory or WriteProcessMemory request was completed. (0x12B)
[1227/110808.490:ERROR:process_memory_win.cc(73)] ReadMemory at 0x1f4a6f00c40 of 512 bytes failed: Only part of a ReadProcessMemory or WriteProcessMemory request was completed. (0x12B)
[1227/110808.491:ERROR:process_memory_win.cc(73)] ReadMemory at 0x1f4a6f01cc0 of 512 bytes failed: Only part of a ReadProcessMemory or WriteProcessMemory request was completed. (0x12B)
[1227/110808.491:ERROR:process_memory_win.cc(73)] ReadMemory at 0x1f4a70ee9c0 of 512 bytes failed: Only part of a ReadProcessMemory or WriteProcessMemory request was completed. (0x12B)
[1227/110808.491:ERROR:process_memory_win.cc(73)] ReadMemory at 0x1f4a71003e0 of 512 bytes failed: Only part of a ReadProcessMemory or WriteProcessMemory request was completed. (0x12B)
[1227/110808.491:ERROR:process_memory_win.cc(73)] ReadMemory at 0x1f4a711d8a0 of 712 bytes failed: Only part of a ReadProcessMemory or WriteProcessMemory request was completed. (0x12B)
[1227/110808.491:ERROR:process_memory_win.cc(73)] ReadMemory at 0x1f4a7124f48 of 512 bytes failed: Only part of a ReadProcessMemory or WriteProcessMemory request was completed. (0x12B)
[1227/110808.491:ERROR:process_memory_win.cc(73)] ReadMemory at 0x1f4a7192960 of 560 bytes failed: Only part of a ReadProcessMemory or WriteProcessMemory request was completed. (0x12B)
[1227/110808.492:ERROR:process_memory_win.cc(73)] ReadMemory at 0x1f4a8ebe2d8 of 512 bytes failed: Only part of a ReadProcessMemory or WriteProcessMemory request was completed. (0x12B)
[1227/110808.492:ERROR:process_memory_win.cc(73)] ReadMemory at 0x1f4a8ede380 of 512 bytes failed: Only part of a ReadProcessMemory or WriteProcessMemory request was completed. (0x12B)
[1227/110808.492:ERROR:process_memory_win.cc(73)] ReadMemory at 0x1f4a8f36b50 of 512 bytes failed: Only part of a ReadProcessMemory or WriteProcessMemory request was completed. (0x12B)
[1227/110808.492:ERROR:process_memory_win.cc(73)] ReadMemory at 0x1f4a8f47e98 of 656 bytes failed: Only part of a ReadProcessMemory or WriteProcessMemory request was completed. (0x12B)
[1227/110808.492:ERROR:process_memory_win.cc(73)] ReadMemory at 0x1f4a9507d20 of 512 bytes failed: Only part of a ReadProcessMemory or WriteProcessMemory request was completed. (0x12B)
[1227/110808.494:ERROR:process_memory_win.cc(73)] ReadMemory at 0x1f4a9635a50 of 512 bytes failed: Only part of a ReadProcessMemory or WriteProcessMemory request was completed. (0x12B)
[1227/110808.494:ERROR:process_memory_win.cc(73)] ReadMemory at 0x1f4ab3db520 of 512 bytes failed: Only part of a ReadProcessMemory or WriteProcessMemory request was completed. (0x12B)
[1227/110808.494:ERROR:process_memory_win.cc(73)] ReadMemory at 0x1f4ab3db820 of 512 bytes failed: Only part of a ReadProcessMemory or WriteProcessMemory request was completed. (0x12B)
[1227/110808.494:ERROR:process_memory_win.cc(73)] ReadMemory at 0x9bf528da6d1 of 512 bytes failed: Only part of a ReadProcessMemory or WriteProcessMemory request was completed. (0x12B)
[1227/110808.495:ERROR:process_memory_win.cc(73)] ReadMemory at 0x1ed8f8093ea8 of 520 bytes failed: Only part of a ReadProcessMemory or WriteProcessMemory request was completed. (0x12B)
[1227/110808.495:ERROR:process_memory_win.cc(73)] ReadMemory at 0x340d67b17921 of 512 bytes failed: Only part of a ReadProcessMemory or WriteProcessMemory request was completed. (0x12B)
[1227/110808.495:ERROR:process_memory_win.cc(73)] ReadMemory at 0x4203e2a0f991 of 512 bytes failed: Only part of a ReadProcessMemory or WriteProcessMemory request was completed. (0x12B)
[1227/110808.495:ERROR:process_memory_win.cc(73)] ReadMemory at 0x70b064e00000 of 384 bytes failed: Only part of a ReadProcessMemory or WriteProcessMemory request was completed. (0x12B)
[1227/110808.495:ERROR:process_memory_win.cc(73)] ReadMemory at 0x70b064e31f51 of 512 bytes failed: Only part of a ReadProcessMemory or WriteProcessMemory request was completed. (0x12B)
[1227/110808.495:ERROR:process_memory_win.cc(73)] ReadMemory at 0x7ffe0a592779 of 512 bytes failed: Only part of a ReadProcessMemory or WriteProcessMemory request was completed. (0x12B)
[1227/110808.496:ERROR:process_memory_win.cc(73)] ReadMemory at 0x7ffe0ba0eeac of 512 bytes failed: Only part of a ReadProcessMemory or WriteProcessMemory request was completed. (0x12B)
[1227/110808.496:ERROR:process_memory_win.cc(73)] ReadMemory at 0x7ffe0e3db970 of 512 bytes failed: Only part of a ReadProcessMemory or WriteProcessMemory request was completed. (0x12B)
[1227/110808.496:ERROR:process_memory_win.cc(73)] ReadMemory at 0x7ffe13bb7bc3 of 512 bytes failed: Only part of a ReadProcessMemory or WriteProcessMemory request was completed. (0x12B)
[1227/110808.496:ERROR:process_memory_win.cc(73)] ReadMemory at 0x7ffe13bb83ba of 512 bytes failed: Only part of a ReadProcessMemory or WriteProcessMemory request was completed. (0x12B)
[1227/110808.496:ERROR:process_memory_win.cc(73)] ReadMemory at 0x7ffe5efdc0c4 of 672 bytes failed: Only part of a ReadProcessMemory or WriteProcessMemory request was completed. (0x12B)
[1227/110808.496:ERROR:process_memory_win.cc(73)] ReadMemory at 0x7ffe5efdf974 of 608 bytes failed: Only part of a ReadProcessMemory or WriteProcessMemory request was completed. (0x12B)
[1227/110808.497:ERROR:process_memory_win.cc(73)] ReadMemory at 0x7ffe5f06c428 of 18 bytes failed: Only part of a ReadProcessMemory or WriteProcessMemory request was completed. (0x12B)
[1227/110808.497:ERROR:process_memory_win.cc(73)] ReadMemory at 0x7ffe5f09f4f8 of 40 bytes failed: Only part of a ReadProcessMemory or WriteProcessMemory request was completed. (0x12B)
[1227/110808.497:ERROR:process_memory_win.cc(73)] ReadMemory at 0x7ffe5f09f978 of 48 bytes failed: Only part of a ReadProcessMemory or WriteProcessMemory request was completed. (0x12B)
[1227/110808.497:ERROR:process_memory_win.cc(73)] ReadMemory at 0x7ffe5f0a53c0 of 64 bytes failed: Only part of a ReadProcessMemory or WriteProcessMemory request was completed. (0x12B)
[1227/110808.647:ERROR:scoped_process_suspend.cc(40)] NtResumeProcess: An attempt was made to access an exiting process. (0xc000010a)
